-------------------------------------------------------------------------------
Test set: hu.agilexpert.axtracker.RestfullWebServicesApplicationTests
-------------------------------------------------------------------------------
Tests run: 1, Failures: 0, Errors: 1, Skipped: 0, Time elapsed: 7.809 s <<< FAILURE! - in hu.agilexpert.axtracker.RestfullWebServicesApplicationTests
contextLoads  Time elapsed: 0.011 s  <<< ERROR!
java.lang.IllegalStateException: Failed to load ApplicationContext
Caused by: org.springframework.beans.factory.BeanCreationException: 
Error creating bean with name 'dataSourceScriptDatabaseInitializer' defined in class path resource [org/springframework/boot/autoconfigure/sql/init/DataSourceInitializationConfiguration.class]: Invocation of init method failed; nested exception is org.springframework.jdbc.datasource.init.ScriptStatementFailedException: Failed to execute SQL script statement #1 of URL [file:/home/tothbalint/source/AxTracker/AxTracker/axtracker-backend/target/classes/data.sql]: insert into todo(id, username, description, target_date, is_done) values(1001, 'tadam', 'Finish the project', sysdate(), true); nested exception is org.h2.jdbc.JdbcSQLSyntaxErrorException: Table "TODO" not found; SQL statement:
insert into todo(id, username, description, target_date, is_done) values(1001, 'tadam', 'Finish the project', sysdate(), true) [42102-200]
Caused by: org.springframework.jdbc.datasource.init.ScriptStatementFailedException: 
Failed to execute SQL script statement #1 of URL [file:/home/tothbalint/source/AxTracker/AxTracker/axtracker-backend/target/classes/data.sql]: insert into todo(id, username, description, target_date, is_done) values(1001, 'tadam', 'Finish the project', sysdate(), true); nested exception is org.h2.jdbc.JdbcSQLSyntaxErrorException: Table "TODO" not found; SQL statement:
insert into todo(id, username, description, target_date, is_done) values(1001, 'tadam', 'Finish the project', sysdate(), true) [42102-200]
Caused by: org.h2.jdbc.JdbcSQLSyntaxErrorException: 
Table "TODO" not found; SQL statement:
insert into todo(id, username, description, target_date, is_done) values(1001, 'tadam', 'Finish the project', sysdate(), true) [42102-200]

